<?xml version="1.0" encoding="UTF-8" standalone="yes"?><!DOCTYPE report PUBLIC "-//JACOCO//DTD Report 1.1//EN" "report.dtd"><report name="ORK"><sessioninfo id="DESKTOP-DUD4GLO-4de92533" start="1622627072773" dump="1622627073954"/><sessioninfo id="DESKTOP-DUD4GLO-9b61f1c0" start="1622627363479" dump="1622627364694"/><sessioninfo id="DESKTOP-DUD4GLO-8b26ef50" start="1622627530703" dump="1622627531924"/><sessioninfo id="DESKTOP-DUD4GLO-89ea6b3c" start="1622627849441" dump="1622627850643"/><sessioninfo id="DESKTOP-DUD4GLO-3592521f" start="1622627882091" dump="1622627883350"/><sessioninfo id="DESKTOP-DUD4GLO-ec4c9119" start="1622627918716" dump="1622627920031"/><sessioninfo id="DESKTOP-DUD4GLO-9d8e6fa8" start="1622627960802" dump="1622627962070"/><sessioninfo id="DESKTOP-DUD4GLO-dbb26db3" start="1622628013623" dump="1622628014864"/><sessioninfo id="DESKTOP-DUD4GLO-461a709" start="1622628175681" dump="1622628176926"/><sessioninfo id="DESKTOP-DUD4GLO-5ae45a64" start="1622628437738" dump="1622628438985"/><sessioninfo id="DESKTOP-DUD4GLO-2aca807b" start="1622628474217" dump="1622628475463"/><sessioninfo id="DESKTOP-DUD4GLO-4324955a" start="1622628519280" dump="1622628520527"/><sessioninfo id="DESKTOP-DUD4GLO-c0289c3a" start="1622628632458" dump="1622628633693"/><sessioninfo id="DESKTOP-DUD4GLO-60aa7b77" start="1622629596212" dump="1622629597411"/><sessioninfo id="DESKTOP-DUD4GLO-9a34afa8" start="1622631032188" dump="1622631033398"/><sessioninfo id="DESKTOP-DUD4GLO-fd7f1b0" start="1622635960474" dump="1622635961722"/><sessioninfo id="DESKTOP-DUD4GLO-44bedf07" start="1622638343335" dump="1622638344572"/><sessioninfo id="DESKTOP-DUD4GLO-ebe1b03b" start="1622638373797" dump="1622638375056"/><sessioninfo id="DESKTOP-DUD4GLO-cb38e73b" start="1622639146688" dump="1622639147939"/><sessioninfo id="DESKTOP-DUD4GLO-b9a95520" start="1622646225093" dump="1622646226438"/><sessioninfo id="DESKTOP-DUD4GLO-e56b6a17" start="1622652460533" dump="1622652461903"/><sessioninfo id="DESKTOP-DUD4GLO-abeefbe5" start="1622652473930" dump="1622652475206"/><package name="cloud/melion/interfaces"><class name="cloud/melion/interfaces/ITable" sourcefilename="ITable.kt"/><class name="cloud/melion/interfaces/Table" sourcefilename="Table.kt"/><sourcefile name="Table.kt"/><sourcefile name="ITable.kt"/></package><package name="cloud/melion/builder"><class name="cloud/melion/builder/ConnectionSettingsBuilder" sourcefilename="ConnectionSettingsBuilder.kt"><method name="&lt;init&gt;" desc="()V" line="6"><counter type="INSTRUCTION" missed="0" covered="24"/><counter type="LINE" missed="0" covered="8"/><counter type="COMPLEXITY" missed="0" covered="1"/><counter type="METHOD" missed="0" covered="1"/></method><method name="host" desc="(Lkotlin/jvm/functions/Function0;)V" line="16"><counter type="INSTRUCTION" missed="0" covered="9"/><counter type="LINE" missed="0" covered="2"/><counter type="COMPLEXITY" missed="0" covered="1"/><counter type="METHOD" missed="0" covered="1"/></method><method name="database" desc="(Lkotlin/jvm/functions/Function0;)V" line="19"><counter type="INSTRUCTION" missed="17" covered="0"/><counter type="LINE" missed="3" covered="0"/><counter type="COMPLEXITY" missed="1" covered="0"/><counter type="METHOD" missed="1" covered="0"/></method><method name="username" desc="(Lkotlin/jvm/functions/Function0;)V" line="23"><counter type="INSTRUCTION" missed="9" covered="0"/><counter type="LINE" missed="2" covered="0"/><counter type="COMPLEXITY" missed="1" covered="0"/><counter type="METHOD" missed="1" covered="0"/></method><method name="password" desc="(Lkotlin/jvm/functions/Function0;)V" line="26"><counter type="INSTRUCTION" missed="9" covered="0"/><counter type="LINE" missed="2" covered="0"/><counter type="COMPLEXITY" missed="1" covered="0"/><counter type="METHOD" missed="1" covered="0"/></method><method name="driver" desc="(Lkotlin/jvm/functions/Function0;)V" line="29"><counter type="INSTRUCTION" missed="0" covered="9"/><counter type="LINE" missed="0" covered="2"/><counter type="COMPLEXITY" missed="0" covered="1"/><counter type="METHOD" missed="0" covered="1"/></method><method name="port" desc="(Lkotlin/jvm/functions/Function0;)V" line="32"><counter type="INSTRUCTION" missed="10" covered="0"/><counter type="LINE" missed="2" covered="0"/><counter type="COMPLEXITY" missed="1" covered="0"/><counter type="METHOD" missed="1" covered="0"/></method><method name="autoReconnect" desc="(Lkotlin/jvm/functions/Function0;)V" line="35"><counter type="INSTRUCTION" missed="10" covered="0"/><counter type="LINE" missed="2" covered="0"/><counter type="COMPLEXITY" missed="1" covered="0"/><counter type="METHOD" missed="1" covered="0"/></method><method name="build" desc="()Lcloud/melion/data/ConnectionSettings;" line="37"><counter type="INSTRUCTION" missed="0" covered="18"/><counter type="LINE" missed="0" covered="1"/><counter type="COMPLEXITY" missed="0" covered="1"/><counter type="METHOD" missed="0" covered="1"/></method><counter type="INSTRUCTION" missed="55" covered="60"/><counter type="LINE" missed="11" covered="13"/><counter type="COMPLEXITY" missed="5" covered="4"/><counter type="METHOD" missed="5" covered="4"/><counter type="CLASS" missed="0" covered="1"/></class><sourcefile name="ConnectionSettingsBuilder.kt"><line nr="6" mi="0" ci="3" mb="0" cb="0"/><line nr="7" mi="0" ci="3" mb="0" cb="0"/><line nr="8" mi="0" ci="3" mb="0" cb="0"/><line nr="9" mi="0" ci="3" mb="0" cb="0"/><line nr="10" mi="0" ci="3" mb="0" cb="0"/><line nr="11" mi="0" ci="3" mb="0" cb="0"/><line nr="12" mi="0" ci="3" mb="0" cb="0"/><line nr="13" mi="0" ci="3" mb="0" cb="0"/><line nr="16" mi="0" ci="5" mb="0" cb="0"/><line nr="17" mi="0" ci="1" mb="0" cb="0"/><line nr="19" mi="5" ci="0" mb="0" cb="0"/><line nr="20" mi="8" ci="0" mb="0" cb="0"/><line nr="21" mi="1" ci="0" mb="0" cb="0"/><line nr="23" mi="5" ci="0" mb="0" cb="0"/><line nr="24" mi="1" ci="0" mb="0" cb="0"/><line nr="26" mi="5" ci="0" mb="0" cb="0"/><line nr="27" mi="1" ci="0" mb="0" cb="0"/><line nr="29" mi="0" ci="5" mb="0" cb="0"/><line nr="30" mi="0" ci="1" mb="0" cb="0"/><line nr="32" mi="6" ci="0" mb="0" cb="0"/><line nr="33" mi="1" ci="0" mb="0" cb="0"/><line nr="35" mi="6" ci="0" mb="0" cb="0"/><line nr="36" mi="1" ci="0" mb="0" cb="0"/><line nr="37" mi="0" ci="18" mb="0" cb="0"/><counter type="INSTRUCTION" missed="55" covered="60"/><counter type="LINE" missed="11" covered="13"/><counter type="COMPLEXITY" missed="5" covered="4"/><counter type="METHOD" missed="5" covered="4"/><counter type="CLASS" missed="0" covered="1"/></sourcefile><counter type="INSTRUCTION" missed="55" covered="60"/><counter type="LINE" missed="11" covered="13"/><counter type="COMPLEXITY" missed="5" covered="4"/><counter type="METHOD" missed="5" covered="4"/><counter type="CLASS" missed="0" covered="1"/></package><package name="cloud/melion/data"><class name="cloud/melion/data/ConnectionSettings" sourcefilename="ConnectionSettings.kt"><method name="&lt;init&gt;" desc="(Ljava/lang/String;Ljava/lang/String;Ljava/lang/String;Ljava/lang/String;Ljava/lang/String;IZ)V" line="4"><counter type="INSTRUCTION" missed="0" covered="39"/><counter type="LINE" missed="0" covered="8"/><counter type="COMPLEXITY" missed="0" covered="1"/><counter type="METHOD" missed="0" covered="1"/></method><method name="&lt;init&gt;" desc="(Ljava/lang/String;Ljava/lang/String;Ljava/lang/String;Ljava/lang/String;Ljava/lang/String;IZILkotlin/jvm/internal/DefaultConstructorMarker;)V" line="4"><counter type="INSTRUCTION" missed="25" covered="0"/><counter type="LINE" missed="4" covered="0"/><counter type="COMPLEXITY" missed="1" covered="0"/><counter type="METHOD" missed="1" covered="0"/></method><method name="getHost" desc="()Ljava/lang/String;" line="5"><counter type="INSTRUCTION" missed="0" covered="3"/><counter type="LINE" missed="0" covered="1"/><counter type="COMPLEXITY" missed="0" covered="1"/><counter type="METHOD" missed="0" covered="1"/></method><method name="getDatabase" desc="()Ljava/lang/String;" line="6"><counter type="INSTRUCTION" missed="0" covered="3"/><counter type="LINE" missed="0" covered="1"/><counter type="COMPLEXITY" missed="0" covered="1"/><counter type="METHOD" missed="0" covered="1"/></method><method name="getUsername" desc="()Ljava/lang/String;" line="7"><counter type="INSTRUCTION" missed="0" covered="3"/><counter type="LINE" missed="0" covered="1"/><counter type="COMPLEXITY" missed="0" covered="1"/><counter type="METHOD" missed="0" covered="1"/></method><method name="getPassword" desc="()Ljava/lang/String;" line="8"><counter type="INSTRUCTION" missed="0" covered="3"/><counter type="LINE" missed="0" covered="1"/><counter type="COMPLEXITY" missed="0" covered="1"/><counter type="METHOD" missed="0" covered="1"/></method><method name="getDriver" desc="()Ljava/lang/String;" line="9"><counter type="INSTRUCTION" missed="0" covered="3"/><counter type="LINE" missed="0" covered="1"/><counter type="COMPLEXITY" missed="0" covered="1"/><counter type="METHOD" missed="0" covered="1"/></method><method name="getPort" desc="()I" line="10"><counter type="INSTRUCTION" missed="0" covered="3"/><counter type="LINE" missed="0" covered="1"/><counter type="COMPLEXITY" missed="0" covered="1"/><counter type="METHOD" missed="0" covered="1"/></method><method name="getAutoReconnect" desc="()Z" line="11"><counter type="INSTRUCTION" missed="0" covered="3"/><counter type="LINE" missed="0" covered="1"/><counter type="COMPLEXITY" missed="0" covered="1"/><counter type="METHOD" missed="0" covered="1"/></method><counter type="INSTRUCTION" missed="25" covered="60"/><counter type="LINE" missed="0" covered="8"/><counter type="COMPLEXITY" missed="1" covered="8"/><counter type="METHOD" missed="1" covered="8"/><counter type="CLASS" missed="0" covered="1"/></class><sourcefile name="ConnectionSettings.kt"><line nr="4" mi="18" ci="3" mb="0" cb="0"/><line nr="5" mi="0" ci="6" mb="0" cb="0"/><line nr="6" mi="0" ci="6" mb="0" cb="0"/><line nr="7" mi="0" ci="6" mb="0" cb="0"/><line nr="8" mi="0" ci="6" mb="0" cb="0"/><line nr="9" mi="2" ci="6" mb="0" cb="0"/><line nr="10" mi="2" ci="6" mb="0" cb="0"/><line nr="11" mi="3" ci="6" mb="0" cb="0"/><counter type="INSTRUCTION" missed="25" covered="60"/><counter type="LINE" missed="0" covered="8"/><counter type="COMPLEXITY" missed="1" covered="8"/><counter type="METHOD" missed="1" covered="8"/><counter type="CLASS" missed="0" covered="1"/></sourcefile><counter type="INSTRUCTION" missed="25" covered="60"/><counter type="LINE" missed="0" covered="8"/><counter type="COMPLEXITY" missed="1" covered="8"/><counter type="METHOD" missed="1" covered="8"/><counter type="CLASS" missed="0" covered="1"/></package><package name="cloud/melion/dsl"><class name="cloud/melion/dsl/ORKBaseDSLKt" sourcefilename="ORKBaseDSL.kt"><method name="connect" desc="(Lkotlin/jvm/functions/Function1;)V" line="8"><counter type="INSTRUCTION" missed="0" covered="20"/><counter type="LINE" missed="0" covered="2"/><counter type="COMPLEXITY" missed="0" covered="1"/><counter type="METHOD" missed="0" covered="1"/></method><counter type="INSTRUCTION" missed="0" covered="20"/><counter type="LINE" missed="0" covered="2"/><counter type="COMPLEXITY" missed="0" covered="1"/><counter type="METHOD" missed="0" covered="1"/><counter type="CLASS" missed="0" covered="1"/></class><sourcefile name="ORKBaseDSL.kt"><line nr="8" mi="0" ci="16" mb="0" cb="0"/><line nr="9" mi="0" ci="1" mb="0" cb="0"/><counter type="INSTRUCTION" missed="0" covered="20"/><counter type="LINE" missed="0" covered="2"/><counter type="COMPLEXITY" missed="0" covered="1"/><counter type="METHOD" missed="0" covered="1"/><counter type="CLASS" missed="0" covered="1"/></sourcefile><counter type="INSTRUCTION" missed="0" covered="20"/><counter type="LINE" missed="0" covered="2"/><counter type="COMPLEXITY" missed="0" covered="1"/><counter type="METHOD" missed="0" covered="1"/><counter type="CLASS" missed="0" covered="1"/></package><package name="cloud/melion/base"><class name="cloud/melion/base/GetDefaultValueOfParamFunctionKt" sourcefilename="GetDefaultValueOfParamFunction.kt"><method name="getDefaultValueOfParam" desc="(Ljava/lang/Object;)Ljava/lang/String;" line="7"><counter type="INSTRUCTION" missed="5" covered="21"/><counter type="BRANCH" missed="1" covered="3"/><counter type="LINE" missed="1" covered="4"/><counter type="COMPLEXITY" missed="1" covered="2"/><counter type="METHOD" missed="0" covered="1"/></method><counter type="INSTRUCTION" missed="5" covered="21"/><counter type="BRANCH" missed="1" covered="3"/><counter type="LINE" missed="1" covered="4"/><counter type="COMPLEXITY" missed="1" covered="2"/><counter type="METHOD" missed="0" covered="1"/><counter type="CLASS" missed="0" covered="1"/></class><class name="cloud/melion/base/QueryFunctionKt" sourcefilename="QueryFunction.kt"><method name="query" desc="(Ljava/lang/String;Lkotlin/jvm/functions/Function1;)V" line="8"><counter type="INSTRUCTION" missed="11" covered="0"/><counter type="LINE" missed="2" covered="0"/><counter type="COMPLEXITY" missed="1" covered="0"/><counter type="METHOD" missed="1" covered="0"/></method><counter type="INSTRUCTION" missed="11" covered="0"/><counter type="LINE" missed="2" covered="0"/><counter type="COMPLEXITY" missed="1" covered="0"/><counter type="METHOD" missed="1" covered="0"/><counter type="CLASS" missed="1" covered="0"/></class><class name="cloud/melion/base/GetSQLTypeFunctionKt" sourcefilename="GetSQLTypeFunction.kt"><method name="getSQLType" desc="(Ljava/lang/Class;)Ljava/lang/String;" line="8"><counter type="INSTRUCTION" missed="3" covered="25"/><counter type="BRANCH" missed="2" covered="6"/><counter type="LINE" missed="1" covered="6"/><counter type="COMPLEXITY" missed="2" covered="3"/><counter type="METHOD" missed="0" covered="1"/></method><method name="getSQLTypeOrDefault" desc="(Ljava/lang/Object;Ljava/lang/Class;)Ljava/lang/String;" line="17"><counter type="INSTRUCTION" missed="4" covered="18"/><counter type="BRANCH" missed="2" covered="2"/><counter type="LINE" missed="1" covered="3"/><counter type="COMPLEXITY" missed="2" covered="1"/><counter type="METHOD" missed="0" covered="1"/></method><counter type="INSTRUCTION" missed="7" covered="43"/><counter type="BRANCH" missed="4" covered="8"/><counter type="LINE" missed="2" covered="9"/><counter type="COMPLEXITY" missed="4" covered="4"/><counter type="METHOD" missed="0" covered="2"/><counter type="CLASS" missed="0" covered="1"/></class><class name="cloud/melion/base/GetNameOfParamFunctionKt" sourcefilename="GetNameOfParamFunction.kt"><method name="getNameOfParam" desc="(Ljava/lang/Object;)Ljava/lang/String;" line="7"><counter type="INSTRUCTION" missed="0" covered="23"/><counter type="BRANCH" missed="0" covered="2"/><counter type="LINE" missed="0" covered="4"/><counter type="COMPLEXITY" missed="0" covered="2"/><counter type="METHOD" missed="0" covered="1"/></method><counter type="INSTRUCTION" missed="0" covered="23"/><counter type="BRANCH" missed="0" covered="2"/><counter type="LINE" missed="0" covered="4"/><counter type="COMPLEXITY" missed="0" covered="2"/><counter type="METHOD" missed="0" covered="1"/><counter type="CLASS" missed="0" covered="1"/></class><class name="cloud/melion/base/UpdateFunctionKt" sourcefilename="UpdateFunction.kt"><method name="update" desc="(Ljava/lang/String;)V" line="7"><counter type="INSTRUCTION" missed="0" covered="7"/><counter type="LINE" missed="0" covered="2"/><counter type="COMPLEXITY" missed="0" covered="1"/><counter type="METHOD" missed="0" covered="1"/></method><counter type="INSTRUCTION" missed="0" covered="7"/><counter type="LINE" missed="0" covered="2"/><counter type="COMPLEXITY" missed="0" covered="1"/><counter type="METHOD" missed="0" covered="1"/><counter type="CLASS" missed="0" covered="1"/></class><class name="cloud/melion/base/GetConstructorFunctionKt" sourcefilename="GetConstructorFunction.kt"><method name="getConstructor" desc="(Ljava/lang/Class;[Ljava/lang/String;)Ljava/lang/reflect/Constructor;" line="7"><counter type="INSTRUCTION" missed="0" covered="109"/><counter type="BRANCH" missed="0" covered="12"/><counter type="LINE" missed="0" covered="5"/><counter type="COMPLEXITY" missed="0" covered="7"/><counter type="METHOD" missed="0" covered="1"/></method><counter type="INSTRUCTION" missed="0" covered="109"/><counter type="BRANCH" missed="0" covered="12"/><counter type="LINE" missed="0" covered="5"/><counter type="COMPLEXITY" missed="0" covered="7"/><counter type="METHOD" missed="0" covered="1"/><counter type="CLASS" missed="0" covered="1"/></class><class name="cloud/melion/base/CreateTableFunctionKt" sourcefilename="CreateTableFunction.kt"><method name="createTable" desc="([Ljava/lang/Class;)V" line="13"><counter type="INSTRUCTION" missed="0" covered="267"/><counter type="BRANCH" missed="0" covered="16"/><counter type="LINE" missed="0" covered="31"/><counter type="COMPLEXITY" missed="0" covered="9"/><counter type="METHOD" missed="0" covered="1"/></method><counter type="INSTRUCTION" missed="0" covered="267"/><counter type="BRANCH" missed="0" covered="16"/><counter type="LINE" missed="0" covered="31"/><counter type="COMPLEXITY" missed="0" covered="9"/><counter type="METHOD" missed="0" covered="1"/><counter type="CLASS" missed="0" covered="1"/></class><sourcefile name="CreateTableFunction.kt"><line nr="13" mi="0" ci="4" mb="0" cb="0"/><line nr="14" mi="0" ci="4" mb="0" cb="2"/><line nr="15" mi="0" ci="11" mb="0" cb="0"/><line nr="17" mi="0" ci="6" mb="0" cb="0"/><line nr="18" mi="0" ci="1" mb="0" cb="0"/><line nr="19" mi="0" ci="18" mb="0" cb="2"/><line nr="21" mi="0" ci="15" mb="0" cb="0"/><line nr="23" mi="0" ci="11" mb="0" cb="0"/><line nr="24" mi="0" ci="20" mb="0" cb="4"/><line nr="25" mi="0" ci="11" mb="0" cb="0"/><line nr="27" mi="0" ci="1" mb="0" cb="0"/><line nr="28" mi="0" ci="47" mb="0" cb="6"/><line nr="29" mi="0" ci="2" mb="0" cb="0"/><line nr="31" mi="0" ci="11" mb="0" cb="0"/><line nr="32" mi="0" ci="22" mb="0" cb="0"/><line nr="33" mi="0" ci="1" mb="0" cb="0"/><line nr="34" mi="0" ci="3" mb="0" cb="0"/><line nr="35" mi="0" ci="14" mb="0" cb="0"/><line nr="36" mi="0" ci="1" mb="0" cb="0"/><line nr="37" mi="0" ci="4" mb="0" cb="0"/><line nr="38" mi="0" ci="3" mb="0" cb="0"/><line nr="39" mi="0" ci="4" mb="0" cb="0"/><line nr="40" mi="0" ci="4" mb="0" cb="0"/><line nr="41" mi="0" ci="6" mb="0" cb="2"/><line nr="42" mi="0" ci="7" mb="0" cb="0"/><line nr="44" mi="0" ci="6" mb="0" cb="0"/><line nr="46" mi="0" ci="3" mb="0" cb="0"/><line nr="48" mi="0" ci="11" mb="0" cb="0"/><line nr="49" mi="0" ci="9" mb="0" cb="0"/><line nr="50" mi="0" ci="3" mb="0" cb="0"/><line nr="51" mi="0" ci="1" mb="0" cb="0"/><counter type="INSTRUCTION" missed="0" covered="267"/><counter type="BRANCH" missed="0" covered="16"/><counter type="LINE" missed="0" covered="31"/><counter type="COMPLEXITY" missed="0" covered="9"/><counter type="METHOD" missed="0" covered="1"/><counter type="CLASS" missed="0" covered="1"/></sourcefile><sourcefile name="GetNameOfParamFunction.kt"><line nr="7" mi="0" ci="3" mb="0" cb="2"/><line nr="8" mi="0" ci="4" mb="0" cb="0"/><line nr="10" mi="0" ci="11" mb="0" cb="0"/><line nr="11" mi="0" ci="2" mb="0" cb="0"/><counter type="INSTRUCTION" missed="0" covered="23"/><counter type="BRANCH" missed="0" covered="2"/><counter type="LINE" missed="0" covered="4"/><counter type="COMPLEXITY" missed="0" covered="2"/><counter type="METHOD" missed="0" covered="1"/><counter type="CLASS" missed="0" covered="1"/></sourcefile><sourcefile name="GetConstructorFunction.kt"><line nr="7" mi="0" ci="42" mb="0" cb="4"/><line nr="8" mi="0" ci="5" mb="0" cb="0"/><line nr="9" mi="0" ci="7" mb="0" cb="2"/><line nr="10" mi="0" ci="11" mb="0" cb="0"/><line nr="11" mi="0" ci="38" mb="0" cb="6"/><counter type="INSTRUCTION" missed="0" covered="109"/><counter type="BRANCH" missed="0" covered="12"/><counter type="LINE" missed="0" covered="5"/><counter type="COMPLEXITY" missed="0" covered="7"/><counter type="METHOD" missed="0" covered="1"/><counter type="CLASS" missed="0" covered="1"/></sourcefile><sourcefile name="GetDefaultValueOfParamFunction.kt"><line nr="7" mi="0" ci="3" mb="1" cb="1"/><line nr="8" mi="0" ci="6" mb="0" cb="2"/><line nr="9" mi="0" ci="5" mb="0" cb="0"/><line nr="11" mi="0" ci="4" mb="0" cb="0"/><line nr="14" mi="5" ci="0" mb="0" cb="0"/><counter type="INSTRUCTION" missed="5" covered="21"/><counter type="BRANCH" missed="1" covered="3"/><counter type="LINE" missed="1" covered="4"/><counter type="COMPLEXITY" missed="1" covered="2"/><counter type="METHOD" missed="0" covered="1"/><counter type="CLASS" missed="0" covered="1"/></sourcefile><sourcefile name="GetSQLTypeFunction.kt"><line nr="8" mi="0" ci="2" mb="0" cb="0"/><line nr="9" mi="0" ci="6" mb="0" cb="2"/><line nr="10" mi="0" ci="6" mb="0" cb="2"/><line nr="11" mi="2" ci="4" mb="1" cb="1"/><line nr="12" mi="0" ci="6" mb="1" cb="1"/><line nr="13" mi="1" ci="0" mb="0" cb="0"/><line nr="14" mi="0" ci="1" mb="0" cb="0"/><line nr="17" mi="0" ci="3" mb="1" cb="1"/><line nr="18" mi="0" ci="6" mb="1" cb="1"/><line nr="19" mi="4" ci="0" mb="0" cb="0"/><line nr="22" mi="0" ci="3" mb="0" cb="0"/><counter type="INSTRUCTION" missed="7" covered="43"/><counter type="BRANCH" missed="4" covered="8"/><counter type="LINE" missed="2" covered="9"/><counter type="COMPLEXITY" missed="4" covered="4"/><counter type="METHOD" missed="0" covered="2"/><counter type="CLASS" missed="0" covered="1"/></sourcefile><sourcefile name="QueryFunction.kt"><line nr="8" mi="4" ci="0" mb="0" cb="0"/><line nr="9" mi="1" ci="0" mb="0" cb="0"/><counter type="INSTRUCTION" missed="11" covered="0"/><counter type="LINE" missed="2" covered="0"/><counter type="COMPLEXITY" missed="1" covered="0"/><counter type="METHOD" missed="1" covered="0"/><counter type="CLASS" missed="1" covered="0"/></sourcefile><sourcefile name="UpdateFunction.kt"><line nr="7" mi="0" ci="3" mb="0" cb="0"/><line nr="8" mi="0" ci="1" mb="0" cb="0"/><counter type="INSTRUCTION" missed="0" covered="7"/><counter type="LINE" missed="0" covered="2"/><counter type="COMPLEXITY" missed="0" covered="1"/><counter type="METHOD" missed="0" covered="1"/><counter type="CLASS" missed="0" covered="1"/></sourcefile><counter type="INSTRUCTION" missed="23" covered="470"/><counter type="BRANCH" missed="5" covered="41"/><counter type="LINE" missed="5" covered="55"/><counter type="COMPLEXITY" missed="6" covered="25"/><counter type="METHOD" missed="1" covered="7"/><counter type="CLASS" missed="1" covered="6"/></package><package name="cloud/melion/annotations"><class name="cloud/melion/annotations/FieldName" sourcefilename="FieldName.kt"/><class name="cloud/melion/annotations/PrimaryKey" sourcefilename="PrimaryKey.kt"/><sourcefile name="PrimaryKey.kt"/><sourcefile name="FieldName.kt"/></package><package name="cloud/melion"><class name="cloud/melion/MySQL" sourcefilename="MySQL.kt"><method name="connect" desc="(Lcloud/melion/data/ConnectionSettings;)V" line="14"><counter type="INSTRUCTION" missed="30" covered="74"/><counter type="BRANCH" missed="1" covered="1"/><counter type="LINE" missed="5" covered="10"/><counter type="COMPLEXITY" missed="1" covered="1"/><counter type="METHOD" missed="0" covered="1"/></method><method name="isConnected" desc="()Z" line="32"><counter type="INSTRUCTION" missed="4" covered="19"/><counter type="BRANCH" missed="2" covered="4"/><counter type="LINE" missed="0" covered="1"/><counter type="COMPLEXITY" missed="2" covered="2"/><counter type="METHOD" missed="0" covered="1"/></method><method name="disconnect" desc="()V" line="35"><counter type="INSTRUCTION" missed="3" covered="13"/><counter type="BRANCH" missed="1" covered="1"/><counter type="LINE" missed="2" covered="5"/><counter type="COMPLEXITY" missed="1" covered="1"/><counter type="METHOD" missed="0" covered="1"/></method><method name="onUpdate" desc="(Ljava/lang/String;)V" line="46"><counter type="INSTRUCTION" missed="3" covered="17"/><counter type="LINE" missed="2" covered="4"/><counter type="COMPLEXITY" missed="0" covered="1"/><counter type="METHOD" missed="0" covered="1"/></method><method name="onQuery" desc="(Ljava/lang/String;Lkotlin/jvm/functions/Function1;)V" line="55"><counter type="INSTRUCTION" missed="41" covered="0"/><counter type="BRANCH" missed="2" covered="0"/><counter type="LINE" missed="7" covered="0"/><counter type="COMPLEXITY" missed="2" covered="0"/><counter type="METHOD" missed="1" covered="0"/></method><counter type="INSTRUCTION" missed="81" covered="123"/><counter type="BRANCH" missed="6" covered="6"/><counter type="LINE" missed="16" covered="20"/><counter type="COMPLEXITY" missed="6" covered="5"/><counter type="METHOD" missed="1" covered="4"/><counter type="CLASS" missed="0" covered="1"/></class><sourcefile name="MySQL.kt"><line nr="14" mi="0" ci="2" mb="0" cb="0"/><line nr="15" mi="0" ci="1" mb="0" cb="0"/><line nr="16" mi="0" ci="1" mb="0" cb="0"/><line nr="17" mi="0" ci="39" mb="0" cb="0"/><line nr="18" mi="0" ci="5" mb="1" cb="1"/><line nr="19" mi="0" ci="5" mb="0" cb="0"/><line nr="21" mi="0" ci="11" mb="0" cb="0"/><line nr="22" mi="0" ci="3" mb="0" cb="0"/><line nr="23" mi="0" ci="3" mb="0" cb="0"/><line nr="24" mi="1" ci="0" mb="0" cb="0"/><line nr="25" mi="2" ci="0" mb="0" cb="0"/><line nr="26" mi="17" ci="0" mb="0" cb="0"/><line nr="27" mi="8" ci="0" mb="0" cb="0"/><line nr="28" mi="2" ci="0" mb="0" cb="0"/><line nr="30" mi="0" ci="1" mb="0" cb="0"/><line nr="32" mi="4" ci="19" mb="2" cb="4"/><line nr="35" mi="0" ci="1" mb="0" cb="0"/><line nr="36" mi="0" ci="2" mb="1" cb="1"/><line nr="37" mi="0" ci="6" mb="0" cb="0"/><line nr="38" mi="0" ci="3" mb="0" cb="0"/><line nr="40" mi="1" ci="0" mb="0" cb="0"/><line nr="41" mi="2" ci="0" mb="0" cb="0"/><line nr="43" mi="0" ci="1" mb="0" cb="0"/><line nr="46" mi="0" ci="1" mb="0" cb="0"/><line nr="47" mi="0" ci="7" mb="0" cb="0"/><line nr="48" mi="0" ci="5" mb="0" cb="0"/><line nr="49" mi="1" ci="0" mb="0" cb="0"/><line nr="50" mi="2" ci="0" mb="0" cb="0"/><line nr="52" mi="0" ci="1" mb="0" cb="0"/><line nr="55" mi="1" ci="0" mb="0" cb="0"/><line nr="56" mi="7" ci="0" mb="0" cb="0"/><line nr="57" mi="4" ci="0" mb="0" cb="0"/><line nr="58" mi="19" ci="0" mb="2" cb="0"/><line nr="59" mi="1" ci="0" mb="0" cb="0"/><line nr="60" mi="2" ci="0" mb="0" cb="0"/><line nr="62" mi="1" ci="0" mb="0" cb="0"/><counter type="INSTRUCTION" missed="81" covered="123"/><counter type="BRANCH" missed="6" covered="6"/><counter type="LINE" missed="16" covered="20"/><counter type="COMPLEXITY" missed="6" covered="5"/><counter type="METHOD" missed="1" covered="4"/><counter type="CLASS" missed="0" covered="1"/></sourcefile><counter type="INSTRUCTION" missed="81" covered="123"/><counter type="BRANCH" missed="6" covered="6"/><counter type="LINE" missed="16" covered="20"/><counter type="COMPLEXITY" missed="6" covered="5"/><counter type="METHOD" missed="1" covered="4"/><counter type="CLASS" missed="0" covered="1"/></package><package name="cloud/melion/errors"><class name="cloud/melion/errors/WrongAnnotaionError" sourcefilename="WrongAnnotaionError.kt"><method name="&lt;init&gt;" desc="(Ljava/lang/String;)V" line="4"><counter type="INSTRUCTION" missed="0" covered="9"/><counter type="LINE" missed="0" covered="1"/><counter type="COMPLEXITY" missed="0" covered="1"/><counter type="METHOD" missed="0" covered="1"/></method><counter type="INSTRUCTION" missed="0" covered="9"/><counter type="LINE" missed="0" covered="1"/><counter type="COMPLEXITY" missed="0" covered="1"/><counter type="METHOD" missed="0" covered="1"/><counter type="CLASS" missed="0" covered="1"/></class><class name="cloud/melion/errors/NoConstructorFoundError" sourcefilename="NoConstructorFoundError.kt"><method name="&lt;init&gt;" desc="(Ljava/lang/String;)V" line="4"><counter type="INSTRUCTION" missed="0" covered="9"/><counter type="LINE" missed="0" covered="1"/><counter type="COMPLEXITY" missed="0" covered="1"/><counter type="METHOD" missed="0" covered="1"/></method><counter type="INSTRUCTION" missed="0" covered="9"/><counter type="LINE" missed="0" covered="1"/><counter type="COMPLEXITY" missed="0" covered="1"/><counter type="METHOD" missed="0" covered="1"/><counter type="CLASS" missed="0" covered="1"/></class><class name="cloud/melion/errors/NoPrimaryKeyFoundError" sourcefilename="NoPrimaryKeyFoundError.kt"><method name="&lt;init&gt;" desc="(Ljava/lang/String;)V" line="4"><counter type="INSTRUCTION" missed="0" covered="9"/><counter type="LINE" missed="0" covered="1"/><counter type="COMPLEXITY" missed="0" covered="1"/><counter type="METHOD" missed="0" covered="1"/></method><counter type="INSTRUCTION" missed="0" covered="9"/><counter type="LINE" missed="0" covered="1"/><counter type="COMPLEXITY" missed="0" covered="1"/><counter type="METHOD" missed="0" covered="1"/><counter type="CLASS" missed="0" covered="1"/></class><sourcefile name="NoPrimaryKeyFoundError.kt"><line nr="4" mi="0" ci="6" mb="0" cb="0"/><counter type="INSTRUCTION" missed="0" covered="9"/><counter type="LINE" missed="0" covered="1"/><counter type="COMPLEXITY" missed="0" covered="1"/><counter type="METHOD" missed="0" covered="1"/><counter type="CLASS" missed="0" covered="1"/></sourcefile><sourcefile name="WrongAnnotaionError.kt"><line nr="4" mi="0" ci="6" mb="0" cb="0"/><counter type="INSTRUCTION" missed="0" covered="9"/><counter type="LINE" missed="0" covered="1"/><counter type="COMPLEXITY" missed="0" covered="1"/><counter type="METHOD" missed="0" covered="1"/><counter type="CLASS" missed="0" covered="1"/></sourcefile><sourcefile name="NoConstructorFoundError.kt"><line nr="4" mi="0" ci="6" mb="0" cb="0"/><counter type="INSTRUCTION" missed="0" covered="9"/><counter type="LINE" missed="0" covered="1"/><counter type="COMPLEXITY" missed="0" covered="1"/><counter type="METHOD" missed="0" covered="1"/><counter type="CLASS" missed="0" covered="1"/></sourcefile><counter type="INSTRUCTION" missed="0" covered="27"/><counter type="LINE" missed="0" covered="3"/><counter type="COMPLEXITY" missed="0" covered="3"/><counter type="METHOD" missed="0" covered="3"/><counter type="CLASS" missed="0" covered="3"/></package><package name="cloud/melion/extensions"><class name="cloud/melion/extensions/ORKBaseExtensionsKt" sourcefilename="ORKBaseExtensions.kt"><method name="send" desc="(Ljava/lang/String;)V" line="4"><counter type="INSTRUCTION" missed="0" covered="20"/><counter type="LINE" missed="0" covered="1"/><counter type="COMPLEXITY" missed="0" covered="1"/><counter type="METHOD" missed="0" covered="1"/></method><counter type="INSTRUCTION" missed="0" covered="20"/><counter type="LINE" missed="0" covered="1"/><counter type="COMPLEXITY" missed="0" covered="1"/><counter type="METHOD" missed="0" covered="1"/><counter type="CLASS" missed="0" covered="1"/></class><class name="cloud/melion/extensions/ORKDeleteExtensionKt" sourcefilename="ORKDeleteExtension.kt"><method name="delete" desc="(Lcloud/melion/interfaces/ITable;)Lcloud/melion/interfaces/ITable;" line="9"><counter type="INSTRUCTION" missed="113" covered="0"/><counter type="BRANCH" missed="8" covered="0"/><counter type="LINE" missed="16" covered="0"/><counter type="COMPLEXITY" missed="5" covered="0"/><counter type="METHOD" missed="1" covered="0"/></method><counter type="INSTRUCTION" missed="113" covered="0"/><counter type="BRANCH" missed="8" covered="0"/><counter type="LINE" missed="16" covered="0"/><counter type="COMPLEXITY" missed="5" covered="0"/><counter type="METHOD" missed="1" covered="0"/><counter type="CLASS" missed="1" covered="0"/></class><class name="cloud/melion/extensions/ORKSaveExtensionKt" sourcefilename="ORKSaveExtension.kt"><method name="save" desc="(Lcloud/melion/interfaces/ITable;)Lcloud/melion/interfaces/ITable;" line="12"><counter type="INSTRUCTION" missed="26" covered="208"/><counter type="BRANCH" missed="6" covered="10"/><counter type="LINE" missed="2" covered="26"/><counter type="COMPLEXITY" missed="6" covered="3"/><counter type="METHOD" missed="0" covered="1"/></method><counter type="INSTRUCTION" missed="26" covered="208"/><counter type="BRANCH" missed="6" covered="10"/><counter type="LINE" missed="2" covered="26"/><counter type="COMPLEXITY" missed="6" covered="3"/><counter type="METHOD" missed="0" covered="1"/><counter type="CLASS" missed="0" covered="1"/></class><sourcefile name="ORKBaseExtensions.kt"><line nr="4" mi="0" ci="17" mb="0" cb="0"/><counter type="INSTRUCTION" missed="0" covered="20"/><counter type="LINE" missed="0" covered="1"/><counter type="COMPLEXITY" missed="0" covered="1"/><counter type="METHOD" missed="0" covered="1"/><counter type="CLASS" missed="0" covered="1"/></sourcefile><sourcefile name="ORKDeleteExtension.kt"><line nr="9" mi="3" ci="0" mb="0" cb="0"/><line nr="10" mi="22" ci="0" mb="4" cb="0"/><line nr="11" mi="6" ci="0" mb="0" cb="0"/><line nr="12" mi="4" ci="0" mb="0" cb="0"/><line nr="14" mi="2" ci="0" mb="2" cb="0"/><line nr="15" mi="10" ci="0" mb="0" cb="0"/><line nr="16" mi="2" ci="0" mb="0" cb="0"/><line nr="19" mi="10" ci="0" mb="0" cb="0"/><line nr="20" mi="15" ci="0" mb="0" cb="0"/><line nr="22" mi="4" ci="0" mb="0" cb="0"/><line nr="23" mi="6" ci="0" mb="0" cb="0"/><line nr="25" mi="6" ci="0" mb="2" cb="0"/><line nr="26" mi="4" ci="0" mb="0" cb="0"/><line nr="28" mi="3" ci="0" mb="0" cb="0"/><line nr="30" mi="11" ci="0" mb="0" cb="0"/><line nr="31" mi="2" ci="0" mb="0" cb="0"/><counter type="INSTRUCTION" missed="113" covered="0"/><counter type="BRANCH" missed="8" covered="0"/><counter type="LINE" missed="16" covered="0"/><counter type="COMPLEXITY" missed="5" covered="0"/><counter type="METHOD" missed="1" covered="0"/><counter type="CLASS" missed="1" covered="0"/></sourcefile><sourcefile name="ORKSaveExtension.kt"><line nr="12" mi="0" ci="3" mb="0" cb="0"/><line nr="13" mi="10" ci="12" mb="2" cb="2"/><line nr="14" mi="0" ci="6" mb="0" cb="0"/><line nr="15" mi="0" ci="4" mb="0" cb="0"/><line nr="17" mi="0" ci="2" mb="1" cb="1"/><line nr="18" mi="10" ci="0" mb="0" cb="0"/><line nr="19" mi="2" ci="0" mb="0" cb="0"/><line nr="22" mi="0" ci="10" mb="0" cb="0"/><line nr="23" mi="0" ci="15" mb="0" cb="0"/><line nr="25" mi="0" ci="11" mb="0" cb="0"/><line nr="26" mi="0" ci="8" mb="0" cb="0"/><line nr="28" mi="0" ci="8" mb="0" cb="2"/><line nr="29" mi="0" ci="8" mb="0" cb="0"/><line nr="31" mi="0" ci="7" mb="0" cb="0"/><line nr="33" mi="0" ci="3" mb="0" cb="0"/><line nr="35" mi="0" ci="4" mb="0" cb="0"/><line nr="37" mi="0" ci="11" mb="0" cb="0"/><line nr="38" mi="0" ci="8" mb="0" cb="0"/><line nr="40" mi="4" ci="29" mb="2" cb="2"/><line nr="41" mi="0" ci="2" mb="1" cb="1"/><line nr="42" mi="0" ci="13" mb="0" cb="0"/><line nr="45" mi="0" ci="8" mb="0" cb="2"/><line nr="46" mi="0" ci="5" mb="0" cb="0"/><line nr="48" mi="0" ci="4" mb="0" cb="0"/><line nr="50" mi="0" ci="3" mb="0" cb="0"/><line nr="52" mi="0" ci="11" mb="0" cb="0"/><line nr="53" mi="0" ci="8" mb="0" cb="0"/><line nr="54" mi="0" ci="2" mb="0" cb="0"/><counter type="INSTRUCTION" missed="26" covered="208"/><counter type="BRANCH" missed="6" covered="10"/><counter type="LINE" missed="2" covered="26"/><counter type="COMPLEXITY" missed="6" covered="3"/><counter type="METHOD" missed="0" covered="1"/><counter type="CLASS" missed="0" covered="1"/></sourcefile><counter type="INSTRUCTION" missed="139" covered="228"/><counter type="BRANCH" missed="14" covered="10"/><counter type="LINE" missed="18" covered="27"/><counter type="COMPLEXITY" missed="11" covered="4"/><counter type="METHOD" missed="1" covered="2"/><counter type="CLASS" missed="1" covered="2"/></package><counter type="INSTRUCTION" missed="323" covered="988"/><counter type="BRANCH" missed="25" covered="57"/><counter type="LINE" missed="50" covered="128"/><counter type="COMPLEXITY" missed="29" covered="50"/><counter type="METHOD" missed="9" covered="29"/><counter type="CLASS" missed="2" covered="15"/></report>